:: loading settings :: url = jar:file:/opt/bitnami/spark/jars/ivy-2.5.0.jar!/org/apache/ivy/core/settings/ivysettings.xml
Ivy Default Cache set to: /root/.ivy2/cache
The jars for the packages stored in: /root/.ivy2/jars
org.apache.spark#spark-sql-kafka-0-10_2.12 added as a dependency
:: resolving dependencies :: org.apache.spark#spark-submit-parent-1250782-e41a-4e21-ad13-81a95e5ddd81;1.0
	confs: [default]
	found org.apache.spark#spark-sql-kafka-0-10_2.12;3.1.2 in central
	found org.apache.spark#spark-token-provider-kafka-0-10_2.12;3.1.2 in central
	found org.apache.kafka#kafka-clients;2.6.0 in central
	found com.github.luben#zstd-jni;1.4.8-1 in central
	found org.lz4#lz4-java;1.7.1 in central
	found org.xerial.snappy#snappy-java;1.1.8.2 in central
	found org.slf4j#slf4j-api;1.7.30 in central
	found org.spark-project.spark#unused;1.0.0 in central
	found org.apache.commons#commons-pool2;2.6.2 in central
:: resolution report :: resolve 832ms :: artifacts dl 40ms
	:: modules in use:
	com.github.luben#zstd-jni;1.4.8-1 from central in [default]
	org.apache.commons#commons-pool2;2.6.2 from central in [default]
	org.apache.kafka#kafka-clients;2.6.0 from central in [default]
	org.apache.spark#spark-sql-kafka-0-10_2.12;3.1.2 from central in [default]
	org.apache.spark#spark-token-provider-kafka-0-10_2.12;3.1.2 from central in [default]
	org.lz4#lz4-java;1.7.1 from central in [default]
	org.slf4j#slf4j-api;1.7.30 from central in [default]
	org.spark-project.spark#unused;1.0.0 from central in [default]
	org.xerial.snappy#snappy-java;1.1.8.2 from central in [default]
	---------------------------------------------------------------------
	|                  |            modules            ||   artifacts   |
	|       conf       | number| search|dwnlded|evicted|| number|dwnlded|
	---------------------------------------------------------------------
	|      default     |   9   |   0   |   0   |   0   ||   9   |   0   |
	---------------------------------------------------------------------
:: retrieving :: org.apache.spark#spark-submit-parent-1250782-e41a-4e21-ad13-81a95e5ddd81
	confs: [default]
	0 artifacts copied, 9 already retrieved (0kB/44ms)
23/06/06 08:12:42 WARN NativeCodeLoader: Unable to load native-hadoop library for your platform... using builtin-java classes where applicable
Using Spark's default log4j profile: org/apache/spark/log4j-defaults.properties
23/06/06 08:12:44 INFO SparkContext: Running Spark version 3.2.1
23/06/06 08:12:44 INFO ResourceUtils: ==============================================================
23/06/06 08:12:44 INFO ResourceUtils: No custom resources configured for spark.driver.
23/06/06 08:12:44 INFO ResourceUtils: ==============================================================
23/06/06 08:12:44 INFO SparkContext: Submitted application: customer-redis
23/06/06 08:12:44 INFO ResourceProfile: Default ResourceProfile created, executor resources: Map(cores -> name: cores, amount: 1, script: , vendor: , memory -> name: memory, amount: 1024, script: , vendor: , offHeap -> name: offHeap, amount: 0, script: , vendor: ), task resources: Map(cpus -> name: cpus, amount: 1.0)
23/06/06 08:12:44 INFO ResourceProfile: Limiting resource is cpu
23/06/06 08:12:44 INFO ResourceProfileManager: Added ResourceProfile id: 0
23/06/06 08:12:44 INFO SecurityManager: Changing view acls to: root
23/06/06 08:12:44 INFO SecurityManager: Changing modify acls to: root
23/06/06 08:12:44 INFO SecurityManager: Changing view acls groups to: 
23/06/06 08:12:44 INFO SecurityManager: Changing modify acls groups to: 
23/06/06 08:12:44 INFO SecurityManager: SecurityManager: authentication disabled; ui acls disabled; users  with view permissions: Set(root); groups with view permissions: Set(); users  with modify permissions: Set(root); groups with modify permissions: Set()
23/06/06 08:12:45 INFO Utils: Successfully started service 'sparkDriver' on port 33941.
23/06/06 08:12:45 INFO SparkEnv: Registering MapOutputTracker
23/06/06 08:12:45 INFO SparkEnv: Registering BlockManagerMaster
23/06/06 08:12:45 INFO BlockManagerMasterEndpoint: Using org.apache.spark.storage.DefaultTopologyMapper for getting topology information
23/06/06 08:12:45 INFO BlockManagerMasterEndpoint: BlockManagerMasterEndpoint up
23/06/06 08:12:45 INFO SparkEnv: Registering BlockManagerMasterHeartbeat
23/06/06 08:12:45 INFO DiskBlockManager: Created local directory at /tmp/blockmgr-e4812873-ef32-466f-af5c-c14e3b12bcb7
23/06/06 08:12:45 INFO MemoryStore: MemoryStore started with capacity 366.3 MiB
23/06/06 08:12:45 INFO SparkEnv: Registering OutputCommitCoordinator
23/06/06 08:12:45 INFO Utils: Successfully started service 'SparkUI' on port 4040.
23/06/06 08:12:45 INFO SparkUI: Bound SparkUI to 0.0.0.0, and started at http://7f694eecfe0f:4640
23/06/06 08:12:46 INFO SparkContext: Added JAR file:///root/.ivy2/jars/org.apache.spark_spark-sql-kafka-0-10_2.12-3.1.2.jar at spark://7f694eecfe0f:33941/jars/org.apache.spark_spark-sql-kafka-0-10_2.12-3.1.2.jar with timestamp 1662010538373
23/06/06 08:12:46 INFO SparkContext: Added JAR file:///root/.ivy2/jars/org.apache.spark_spark-token-provider-kafka-0-10_2.12-3.1.2.jar at spark://7f694eecfe0f:33941/jars/org.apache.spark_spark-token-provider-kafka-0-10_2.12-3.1.2.jar with timestamp 1662010538373
23/06/06 08:12:46 INFO SparkContext: Added JAR file:///root/.ivy2/jars/org.apache.kafka_kafka-clients-2.6.0.jar at spark://7f694eecfe0f:33941/jars/org.apache.kafka_kafka-clients-2.6.0.jar with timestamp 1662010538373
23/06/06 08:12:46 INFO SparkContext: Added JAR file:///root/.ivy2/jars/org.apache.commons_commons-pool2-2.6.2.jar at spark://7f694eecfe0f:33941/jars/org.apache.commons_commons-pool2-2.6.2.jar with timestamp 1662010538373
23/06/06 08:12:46 INFO SparkContext: Added JAR file:///root/.ivy2/jars/org.spark-project.spark_unused-1.0.0.jar at spark://7f694eecfe0f:33941/jars/org.spark-project.spark_unused-1.0.0.jar with timestamp 1662010538373
23/06/06 08:12:46 INFO SparkContext: Added JAR file:///root/.ivy2/jars/com.github.luben_zstd-jni-1.4.8-1.jar at spark://7f694eecfe0f:33941/jars/com.github.luben_zstd-jni-1.4.8-1.jar with timestamp 1662010538373
23/06/06 08:12:46 INFO SparkContext: Added JAR file:///root/.ivy2/jars/org.lz4_lz4-java-1.7.1.jar at spark://7f694eecfe0f:33941/jars/org.lz4_lz4-java-1.7.1.jar with timestamp 1662010538373
23/06/06 08:12:46 INFO SparkContext: Added JAR file:///root/.ivy2/jars/org.xerial.snappy_snappy-java-1.1.8.2.jar at spark://7f694eecfe0f:33941/jars/org.xerial.snappy_snappy-java-1.1.8.2.jar with timestamp 1662010538373
23/06/06 08:12:46 INFO SparkContext: Added JAR file:///root/.ivy2/jars/org.slf4j_slf4j-api-1.7.30.jar at spark://7f694eecfe0f:33941/jars/org.slf4j_slf4j-api-1.7.30.jar with timestamp 1662010538373
23/06/06 08:12:46 INFO SparkContext: Added file file:///root/.ivy2/jars/org.apache.spark_spark-sql-kafka-0-10_2.12-3.1.2.jar at file:///root/.ivy2/jars/org.apache.spark_spark-sql-kafka-0-10_2.12-3.1.2.jar with timestamp 1662010538373
23/06/06 08:12:46 INFO Utils: Copying /root/.ivy2/jars/org.apache.spark_spark-sql-kafka-0-10_2.12-3.1.2.jar to /tmp/spark-6efc9502-e8b4-4c56-85af-d4362e563e2e/userFiles-15bf6818-32cc-4a64-b4a6-e108403156c6/org.apache.spark_spark-sql-kafka-0-10_2.12-3.1.2.jar
23/06/06 08:12:46 INFO SparkContext: Added file file:///root/.ivy2/jars/org.apache.spark_spark-token-provider-kafka-0-10_2.12-3.1.2.jar at file:///root/.ivy2/jars/org.apache.spark_spark-token-provider-kafka-0-10_2.12-3.1.2.jar with timestamp 1662010538373
23/06/06 08:12:46 INFO Utils: Copying /root/.ivy2/jars/org.apache.spark_spark-token-provider-kafka-0-10_2.12-3.1.2.jar to /tmp/spark-6efc9502-e8b4-4c56-85af-d4362e563e2e/userFiles-15bf6818-32cc-4a64-b4a6-e108403156c6/org.apache.spark_spark-token-provider-kafka-0-10_2.12-3.1.2.jar
23/06/06 08:12:46 INFO SparkContext: Added file file:///root/.ivy2/jars/org.apache.kafka_kafka-clients-2.6.0.jar at file:///root/.ivy2/jars/org.apache.kafka_kafka-clients-2.6.0.jar with timestamp 1662010538373
23/06/06 08:12:46 INFO Utils: Copying /root/.ivy2/jars/org.apache.kafka_kafka-clients-2.6.0.jar to /tmp/spark-6efc9502-e8b4-4c56-85af-d4362e563e2e/userFiles-15bf6818-32cc-4a64-b4a6-e108403156c6/org.apache.kafka_kafka-clients-2.6.0.jar
23/06/06 08:12:46 INFO SparkContext: Added file file:///root/.ivy2/jars/org.apache.commons_commons-pool2-2.6.2.jar at file:///root/.ivy2/jars/org.apache.commons_commons-pool2-2.6.2.jar with timestamp 1662010538373
23/06/06 08:12:46 INFO Utils: Copying /root/.ivy2/jars/org.apache.commons_commons-pool2-2.6.2.jar to /tmp/spark-6efc9502-e8b4-4c56-85af-d4362e563e2e/userFiles-15bf6818-32cc-4a64-b4a6-e108403156c6/org.apache.commons_commons-pool2-2.6.2.jar
23/06/06 08:12:46 INFO SparkContext: Added file file:///root/.ivy2/jars/org.spark-project.spark_unused-1.0.0.jar at file:///root/.ivy2/jars/org.spark-project.spark_unused-1.0.0.jar with timestamp 1662010538373
23/06/06 08:12:46 INFO Utils: Copying /root/.ivy2/jars/org.spark-project.spark_unused-1.0.0.jar to /tmp/spark-6efc9502-e8b4-4c56-85af-d4362e563e2e/userFiles-15bf6818-32cc-4a64-b4a6-e108403156c6/org.spark-project.spark_unused-1.0.0.jar
23/06/06 08:12:46 INFO SparkContext: Added file file:///root/.ivy2/jars/com.github.luben_zstd-jni-1.4.8-1.jar at file:///root/.ivy2/jars/com.github.luben_zstd-jni-1.4.8-1.jar with timestamp 1662010538373
23/06/06 08:12:46 INFO Utils: Copying /root/.ivy2/jars/com.github.luben_zstd-jni-1.4.8-1.jar to /tmp/spark-6efc9502-e8b4-4c56-85af-d4362e563e2e/userFiles-15bf6818-32cc-4a64-b4a6-e108403156c6/com.github.luben_zstd-jni-1.4.8-1.jar
23/06/06 08:12:46 INFO SparkContext: Added file file:///root/.ivy2/jars/org.lz4_lz4-java-1.7.1.jar at file:///root/.ivy2/jars/org.lz4_lz4-java-1.7.1.jar with timestamp 1662010538373
23/06/06 08:12:46 INFO Utils: Copying /root/.ivy2/jars/org.lz4_lz4-java-1.7.1.jar to /tmp/spark-6efc9502-e8b4-4c56-85af-d4362e563e2e/userFiles-15bf6818-32cc-4a64-b4a6-e108403156c6/org.lz4_lz4-java-1.7.1.jar
23/06/06 08:12:46 INFO SparkContext: Added file file:///root/.ivy2/jars/org.xerial.snappy_snappy-java-1.1.8.2.jar at file:///root/.ivy2/jars/org.xerial.snappy_snappy-java-1.1.8.2.jar with timestamp 1662010538373
23/06/06 08:12:46 INFO Utils: Copying /root/.ivy2/jars/org.xerial.snappy_snappy-java-1.1.8.2.jar to /tmp/spark-6efc9502-e8b4-4c56-85af-d4362e563e2e/userFiles-15bf6818-32cc-4a64-b4a6-e108403156c6/org.xerial.snappy_snappy-java-1.1.8.2.jar
23/06/06 08:12:46 INFO SparkContext: Added file file:///root/.ivy2/jars/org.slf4j_slf4j-api-1.7.30.jar at file:///root/.ivy2/jars/org.slf4j_slf4j-api-1.7.30.jar with timestamp 1662010538373
23/06/06 08:12:46 INFO Utils: Copying /root/.ivy2/jars/org.slf4j_slf4j-api-1.7.30.jar to /tmp/spark-6efc9502-e8b4-4c56-85af-d4362e563e2e/userFiles-15bf6818-32cc-4a64-b4a6-e108403156c6/org.slf4j_slf4j-api-1.7.30.jar
23/06/06 08:12:46 INFO Executor: Starting executor ID driver on host 7f694eecfe0f
23/06/06 08:12:46 INFO Executor: Fetching file:///root/.ivy2/jars/org.apache.commons_commons-pool2-2.6.2.jar with timestamp 1662010538373
23/06/06 08:12:46 INFO Utils: /root/.ivy2/jars/org.apache.commons_commons-pool2-2.6.2.jar has been previously copied to /tmp/spark-6efc9502-e8b4-4c56-85af-d4362e563e2e/userFiles-15bf6818-32cc-4a64-b4a6-e108403156c6/org.apache.commons_commons-pool2-2.6.2.jar
23/06/06 08:12:46 INFO Executor: Fetching file:///root/.ivy2/jars/org.lz4_lz4-java-1.7.1.jar with timestamp 1662010538373
23/06/06 08:12:46 INFO Utils: /root/.ivy2/jars/org.lz4_lz4-java-1.7.1.jar has been previously copied to /tmp/spark-6efc9502-e8b4-4c56-85af-d4362e563e2e/userFiles-15bf6818-32cc-4a64-b4a6-e108403156c6/org.lz4_lz4-java-1.7.1.jar
23/06/06 08:12:46 INFO Executor: Fetching file:///root/.ivy2/jars/org.apache.kafka_kafka-clients-2.6.0.jar with timestamp 1662010538373
23/06/06 08:12:46 INFO Utils: /root/.ivy2/jars/org.apache.kafka_kafka-clients-2.6.0.jar has been previously copied to /tmp/spark-6efc9502-e8b4-4c56-85af-d4362e563e2e/userFiles-15bf6818-32cc-4a64-b4a6-e108403156c6/org.apache.kafka_kafka-clients-2.6.0.jar
23/06/06 08:12:46 INFO Executor: Fetching file:///root/.ivy2/jars/org.xerial.snappy_snappy-java-1.1.8.2.jar with timestamp 1662010538373
23/06/06 08:12:46 INFO Utils: /root/.ivy2/jars/org.xerial.snappy_snappy-java-1.1.8.2.jar has been previously copied to /tmp/spark-6efc9502-e8b4-4c56-85af-d4362e563e2e/userFiles-15bf6818-32cc-4a64-b4a6-e108403156c6/org.xerial.snappy_snappy-java-1.1.8.2.jar
23/06/06 08:12:46 INFO Executor: Fetching file:///root/.ivy2/jars/org.spark-project.spark_unused-1.0.0.jar with timestamp 1662010538373
23/06/06 08:12:46 INFO Utils: /root/.ivy2/jars/org.spark-project.spark_unused-1.0.0.jar has been previously copied to /tmp/spark-6efc9502-e8b4-4c56-85af-d4362e563e2e/userFiles-15bf6818-32cc-4a64-b4a6-e108403156c6/org.spark-project.spark_unused-1.0.0.jar
23/06/06 08:12:46 INFO Executor: Fetching file:///root/.ivy2/jars/com.github.luben_zstd-jni-1.4.8-1.jar with timestamp 1662010538373
23/06/06 08:12:46 INFO Utils: /root/.ivy2/jars/com.github.luben_zstd-jni-1.4.8-1.jar has been previously copied to /tmp/spark-6efc9502-e8b4-4c56-85af-d4362e563e2e/userFiles-15bf6818-32cc-4a64-b4a6-e108403156c6/com.github.luben_zstd-jni-1.4.8-1.jar
23/06/06 08:12:46 INFO Executor: Fetching file:///root/.ivy2/jars/org.apache.spark_spark-token-provider-kafka-0-10_2.12-3.1.2.jar with timestamp 1662010538373
23/06/06 08:12:46 INFO Utils: /root/.ivy2/jars/org.apache.spark_spark-token-provider-kafka-0-10_2.12-3.1.2.jar has been previously copied to /tmp/spark-6efc9502-e8b4-4c56-85af-d4362e563e2e/userFiles-15bf6818-32cc-4a64-b4a6-e108403156c6/org.apache.spark_spark-token-provider-kafka-0-10_2.12-3.1.2.jar
23/06/06 08:12:46 INFO Executor: Fetching file:///root/.ivy2/jars/org.apache.spark_spark-sql-kafka-0-10_2.12-3.1.2.jar with timestamp 1662010538373
23/06/06 08:12:46 INFO Utils: /root/.ivy2/jars/org.apache.spark_spark-sql-kafka-0-10_2.12-3.1.2.jar has been previously copied to /tmp/spark-6efc9502-e8b4-4c56-85af-d4362e563e2e/userFiles-15bf6818-32cc-4a64-b4a6-e108403156c6/org.apache.spark_spark-sql-kafka-0-10_2.12-3.1.2.jar
23/06/06 08:12:46 INFO Executor: Fetching file:///root/.ivy2/jars/org.slf4j_slf4j-api-1.7.30.jar with timestamp 1662010538373
23/06/06 08:12:46 INFO Utils: /root/.ivy2/jars/org.slf4j_slf4j-api-1.7.30.jar has been previously copied to /tmp/spark-6efc9502-e8b4-4c56-85af-d4362e563e2e/userFiles-15bf6818-32cc-4a64-b4a6-e108403156c6/org.slf4j_slf4j-api-1.7.30.jar
23/06/06 08:12:46 INFO Executor: Fetching spark://7f694eecfe0f:33941/jars/org.apache.spark_spark-sql-kafka-0-10_2.12-3.1.2.jar with timestamp 1662010538373
23/06/06 08:12:46 INFO TransportClientFactory: Successfully created connection to 7f694eecfe0f/172.20.0.4:33941 after 55 ms (0 ms spent in bootstraps)
23/06/06 08:12:46 INFO Utils: Fetching spark://7f694eecfe0f:33941/jars/org.apache.spark_spark-sql-kafka-0-10_2.12-3.1.2.jar to /tmp/spark-6efc9502-e8b4-4c56-85af-d4362e563e2e/userFiles-15bf6818-32cc-4a64-b4a6-e108403156c6/fetchFileTemp3736281156273212489.tmp
23/06/06 08:12:46 INFO Utils: /tmp/spark-6efc9502-e8b4-4c56-85af-d4362e563e2e/userFiles-15bf6818-32cc-4a64-b4a6-e108403156c6/fetchFileTemp3736281156273212489.tmp has been previously copied to /tmp/spark-6efc9502-e8b4-4c56-85af-d4362e563e2e/userFiles-15bf6818-32cc-4a64-b4a6-e108403156c6/org.apache.spark_spark-sql-kafka-0-10_2.12-3.1.2.jar
23/06/06 08:12:46 INFO Executor: Adding file:/tmp/spark-6efc9502-e8b4-4c56-85af-d4362e563e2e/userFiles-15bf6818-32cc-4a64-b4a6-e108403156c6/org.apache.spark_spark-sql-kafka-0-10_2.12-3.1.2.jar to class loader
23/06/06 08:12:46 INFO Executor: Fetching spark://7f694eecfe0f:33941/jars/org.spark-project.spark_unused-1.0.0.jar with timestamp 1662010538373
23/06/06 08:12:46 INFO Utils: Fetching spark://7f694eecfe0f:33941/jars/org.spark-project.spark_unused-1.0.0.jar to /tmp/spark-6efc9502-e8b4-4c56-85af-d4362e563e2e/userFiles-15bf6818-32cc-4a64-b4a6-e108403156c6/fetchFileTemp2266561131556757013.tmp
23/06/06 08:12:46 INFO Utils: /tmp/spark-6efc9502-e8b4-4c56-85af-d4362e563e2e/userFiles-15bf6818-32cc-4a64-b4a6-e108403156c6/fetchFileTemp2266561131556757013.tmp has been previously copied to /tmp/spark-6efc9502-e8b4-4c56-85af-d4362e563e2e/userFiles-15bf6818-32cc-4a64-b4a6-e108403156c6/org.spark-project.spark_unused-1.0.0.jar
23/06/06 08:12:46 INFO Executor: Adding file:/tmp/spark-6efc9502-e8b4-4c56-85af-d4362e563e2e/userFiles-15bf6818-32cc-4a64-b4a6-e108403156c6/org.spark-project.spark_unused-1.0.0.jar to class loader
23/06/06 08:12:46 INFO Executor: Fetching spark://7f694eecfe0f:33941/jars/org.apache.kafka_kafka-clients-2.6.0.jar with timestamp 1662010538373
23/06/06 08:12:46 INFO Utils: Fetching spark://7f694eecfe0f:33941/jars/org.apache.kafka_kafka-clients-2.6.0.jar to /tmp/spark-6efc9502-e8b4-4c56-85af-d4362e563e2e/userFiles-15bf6818-32cc-4a64-b4a6-e108403156c6/fetchFileTemp8375892892139525960.tmp
23/06/06 08:12:46 INFO Utils: /tmp/spark-6efc9502-e8b4-4c56-85af-d4362e563e2e/userFiles-15bf6818-32cc-4a64-b4a6-e108403156c6/fetchFileTemp8375892892139525960.tmp has been previously copied to /tmp/spark-6efc9502-e8b4-4c56-85af-d4362e563e2e/userFiles-15bf6818-32cc-4a64-b4a6-e108403156c6/org.apache.kafka_kafka-clients-2.6.0.jar
23/06/06 08:12:46 INFO Executor: Adding file:/tmp/spark-6efc9502-e8b4-4c56-85af-d4362e563e2e/userFiles-15bf6818-32cc-4a64-b4a6-e108403156c6/org.apache.kafka_kafka-clients-2.6.0.jar to class loader
23/06/06 08:12:46 INFO Executor: Fetching spark://7f694eecfe0f:33941/jars/org.apache.commons_commons-pool2-2.6.2.jar with timestamp 1662010538373
23/06/06 08:12:46 INFO Utils: Fetching spark://7f694eecfe0f:33941/jars/org.apache.commons_commons-pool2-2.6.2.jar to /tmp/spark-6efc9502-e8b4-4c56-85af-d4362e563e2e/userFiles-15bf6818-32cc-4a64-b4a6-e108403156c6/fetchFileTemp6117548254606831290.tmp
23/06/06 08:12:46 INFO Utils: /tmp/spark-6efc9502-e8b4-4c56-85af-d4362e563e2e/userFiles-15bf6818-32cc-4a64-b4a6-e108403156c6/fetchFileTemp6117548254606831290.tmp has been previously copied to /tmp/spark-6efc9502-e8b4-4c56-85af-d4362e563e2e/userFiles-15bf6818-32cc-4a64-b4a6-e108403156c6/org.apache.commons_commons-pool2-2.6.2.jar
23/06/06 08:12:46 INFO Executor: Adding file:/tmp/spark-6efc9502-e8b4-4c56-85af-d4362e563e2e/userFiles-15bf6818-32cc-4a64-b4a6-e108403156c6/org.apache.commons_commons-pool2-2.6.2.jar to class loader
23/06/06 08:12:46 INFO Executor: Fetching spark://7f694eecfe0f:33941/jars/org.slf4j_slf4j-api-1.7.30.jar with timestamp 1662010538373
23/06/06 08:12:46 INFO Utils: Fetching spark://7f694eecfe0f:33941/jars/org.slf4j_slf4j-api-1.7.30.jar to /tmp/spark-6efc9502-e8b4-4c56-85af-d4362e563e2e/userFiles-15bf6818-32cc-4a64-b4a6-e108403156c6/fetchFileTemp6660969781272548574.tmp
23/06/06 08:12:46 INFO Utils: /tmp/spark-6efc9502-e8b4-4c56-85af-d4362e563e2e/userFiles-15bf6818-32cc-4a64-b4a6-e108403156c6/fetchFileTemp6660969781272548574.tmp has been previously copied to /tmp/spark-6efc9502-e8b4-4c56-85af-d4362e563e2e/userFiles-15bf6818-32cc-4a64-b4a6-e108403156c6/org.slf4j_slf4j-api-1.7.30.jar
23/06/06 08:12:46 INFO Executor: Adding file:/tmp/spark-6efc9502-e8b4-4c56-85af-d4362e563e2e/userFiles-15bf6818-32cc-4a64-b4a6-e108403156c6/org.slf4j_slf4j-api-1.7.30.jar to class loader
23/06/06 08:12:46 INFO Executor: Fetching spark://7f694eecfe0f:33941/jars/org.apache.spark_spark-token-provider-kafka-0-10_2.12-3.1.2.jar with timestamp 1662010538373
23/06/06 08:12:46 INFO Utils: Fetching spark://7f694eecfe0f:33941/jars/org.apache.spark_spark-token-provider-kafka-0-10_2.12-3.1.2.jar to /tmp/spark-6efc9502-e8b4-4c56-85af-d4362e563e2e/userFiles-15bf6818-32cc-4a64-b4a6-e108403156c6/fetchFileTemp8596030774086523516.tmp
23/06/06 08:12:46 INFO Utils: /tmp/spark-6efc9502-e8b4-4c56-85af-d4362e563e2e/userFiles-15bf6818-32cc-4a64-b4a6-e108403156c6/fetchFileTemp8596030774086523516.tmp has been previously copied to /tmp/spark-6efc9502-e8b4-4c56-85af-d4362e563e2e/userFiles-15bf6818-32cc-4a64-b4a6-e108403156c6/org.apache.spark_spark-token-provider-kafka-0-10_2.12-3.1.2.jar
23/06/06 08:12:46 INFO Executor: Adding file:/tmp/spark-6efc9502-e8b4-4c56-85af-d4362e563e2e/userFiles-15bf6818-32cc-4a64-b4a6-e108403156c6/org.apache.spark_spark-token-provider-kafka-0-10_2.12-3.1.2.jar to class loader
23/06/06 08:12:46 INFO Executor: Fetching spark://7f694eecfe0f:33941/jars/com.github.luben_zstd-jni-1.4.8-1.jar with timestamp 1662010538373
23/06/06 08:12:46 INFO Utils: Fetching spark://7f694eecfe0f:33941/jars/com.github.luben_zstd-jni-1.4.8-1.jar to /tmp/spark-6efc9502-e8b4-4c56-85af-d4362e563e2e/userFiles-15bf6818-32cc-4a64-b4a6-e108403156c6/fetchFileTemp703719953200991573.tmp
23/06/06 08:12:46 INFO Utils: /tmp/spark-6efc9502-e8b4-4c56-85af-d4362e563e2e/userFiles-15bf6818-32cc-4a64-b4a6-e108403156c6/fetchFileTemp703719953200991573.tmp has been previously copied to /tmp/spark-6efc9502-e8b4-4c56-85af-d4362e563e2e/userFiles-15bf6818-32cc-4a64-b4a6-e108403156c6/com.github.luben_zstd-jni-1.4.8-1.jar
23/06/06 08:12:46 INFO Executor: Adding file:/tmp/spark-6efc9502-e8b4-4c56-85af-d4362e563e2e/userFiles-15bf6818-32cc-4a64-b4a6-e108403156c6/com.github.luben_zstd-jni-1.4.8-1.jar to class loader
23/06/06 08:12:46 INFO Executor: Fetching spark://7f694eecfe0f:33941/jars/org.xerial.snappy_snappy-java-1.1.8.2.jar with timestamp 1662010538373
23/06/06 08:12:46 INFO Utils: Fetching spark://7f694eecfe0f:33941/jars/org.xerial.snappy_snappy-java-1.1.8.2.jar to /tmp/spark-6efc9502-e8b4-4c56-85af-d4362e563e2e/userFiles-15bf6818-32cc-4a64-b4a6-e108403156c6/fetchFileTemp3632710068508201043.tmp
23/06/06 08:12:46 INFO Utils: /tmp/spark-6efc9502-e8b4-4c56-85af-d4362e563e2e/userFiles-15bf6818-32cc-4a64-b4a6-e108403156c6/fetchFileTemp3632710068508201043.tmp has been previously copied to /tmp/spark-6efc9502-e8b4-4c56-85af-d4362e563e2e/userFiles-15bf6818-32cc-4a64-b4a6-e108403156c6/org.xerial.snappy_snappy-java-1.1.8.2.jar
23/06/06 08:12:46 INFO Executor: Adding file:/tmp/spark-6efc9502-e8b4-4c56-85af-d4362e563e2e/userFiles-15bf6818-32cc-4a64-b4a6-e108403156c6/org.xerial.snappy_snappy-java-1.1.8.2.jar to class loader
23/06/06 08:12:46 INFO Executor: Fetching spark://7f694eecfe0f:33941/jars/org.lz4_lz4-java-1.7.1.jar with timestamp 1662010538373
23/06/06 08:12:46 INFO Utils: Fetching spark://7f694eecfe0f:33941/jars/org.lz4_lz4-java-1.7.1.jar to /tmp/spark-6efc9502-e8b4-4c56-85af-d4362e563e2e/userFiles-15bf6818-32cc-4a64-b4a6-e108403156c6/fetchFileTemp8795371674010616131.tmp
23/06/06 08:12:46 INFO Utils: /tmp/spark-6efc9502-e8b4-4c56-85af-d4362e563e2e/userFiles-15bf6818-32cc-4a64-b4a6-e108403156c6/fetchFileTemp8795371674010616131.tmp has been previously copied to /tmp/spark-6efc9502-e8b4-4c56-85af-d4362e563e2e/userFiles-15bf6818-32cc-4a64-b4a6-e108403156c6/org.lz4_lz4-java-1.7.1.jar
23/06/06 08:12:46 INFO Executor: Adding file:/tmp/spark-6efc9502-e8b4-4c56-85af-d4362e563e2e/userFiles-15bf6818-32cc-4a64-b4a6-e108403156c6/org.lz4_lz4-java-1.7.1.jar to class loader
23/06/06 08:12:46 INFO Utils: Successfully started service 'org.apache.spark.network.netty.NettyBlockTransferService' on port 44877.
23/06/06 08:12:46 INFO NettyBlockTransferService: Server created on 7f694eecfe0f:44877
23/06/06 08:12:46 INFO BlockManager: Using org.apache.spark.storage.RandomBlockReplicationPolicy for block replication policy
23/06/06 08:12:46 INFO BlockManagerMaster: Registering BlockManager BlockManagerId(driver, 7f694eecfe0f, 44877, None)
23/06/06 08:12:46 INFO BlockManagerMasterEndpoint: Registering block manager 7f694eecfe0f:44877 with 366.3 MiB RAM, BlockManagerId(driver, 7f694eecfe0f, 44877, None)
23/06/06 08:12:46 INFO BlockManagerMaster: Registered BlockManager BlockManagerId(driver, 7f694eecfe0f, 44877, None)
23/06/06 08:12:46 INFO BlockManager: Initialized BlockManager: BlockManagerId(driver, 7f694eecfe0f, 44877, None)
23/06/06 08:12:47 INFO SharedState: Setting hive.metastore.warehouse.dir ('null') to the value of spark.sql.warehouse.dir.
23/06/06 08:12:47 INFO SharedState: Warehouse path is 'file:/opt/bitnami/spark/spark-warehouse'.
23/06/06 08:12:52 WARN ResolveWriteToStream: Temporary checkpoint location created which is deleted normally when the query didn't fail: /tmp/temporary-674c9d5c-5ea2-4a6d-ab3e-82233ae63623. If it's required to delete it under any circumstances, please set spark.sql.streaming.forceDeleteTempCheckpointLocation to true. Important to know deleting temp checkpoint folder is best effort.
23/06/06 08:12:54 WARN ResolveWriteToStream: spark.sql.adaptive.enabled is not supported in streaming DataFrames/Datasets and will be disabled.
-------------------------------------------
Batch: 0
-------------------------------------------
+-----------------------+------+
|               email|birthYear|
+----------------------+-------+
|Mark.Jackson@test...|     1957|
|Jason.Lincoln@tes...|     1960|
|Gail.Smith@test.co..|     1951|
|Angie.Anderson@te...|     1958|
|Frank.Gonzalez@te...|     1964|
|Ashley.Davis@test...|     1953|
|Neeraj.Harris@tes...|     1956|
|Sarah.Gonzalez@te...|     1954|
|   Craig.Wu@test.com|     1946|
|Chris.Anderson@te...|     1955|
|Senthil.Mitra@tes...|     1950|
| Sean.Davis@test.com|     1947|
|Jacob.Fibonnaci@t...|     1949|
|     Lyn.Wu@test.com|     1965|
|Angie.Clayton@tes...|     1948|
|Angie.Mitra@test.com|     1962|
|Christina.Smith@....|     1945|
|Sarah.Jackson@tes...|     1963|
|Ashley.Harris@tes...|     1961|
|Larry.Smith@test.com|     1963|
+--------------------+---------+
only showing top 20 rows

-------------------------------------------
Batch: 1
-------------------------------------------
+-----+---------+
|email|birthYear|
+-----+---------+
+-----+---------+