Spark Command: /usr/lib/jvm/java-8-openjdk-amd64/jre/bin/java -cp /data/spark/conf/:/data/spark/jars/* -Xmx1g org.apache.spark.deploy.worker.Worker --webui-port 8081 spark://f027b22c03870f1060aa00ce6a3a813488a925a2-7b957478bf-pt9t7:7077
========================================
Using Spark's default log4j profile: org/apache/spark/log4j-defaults.properties
23/05/26 15:22:00 INFO Worker: Started daemon with process name: 166@f027b22c03870f1060aa00ce6a3a813488a925a2-7b957478bf-pt9t7
23/05/26 15:22:00 INFO SignalUtils: Registered signal handler for TERM
23/05/26 15:22:00 INFO SignalUtils: Registered signal handler for HUP
23/05/26 15:22:00 INFO SignalUtils: Registered signal handler for INT
23/05/26 15:22:02 WARN NativeCodeLoader: Unable to load native-hadoop library for your platform... using builtin-java classes where applicable
23/05/26 15:22:02 INFO SecurityManager: Changing view acls to: root
23/05/26 15:22:02 INFO SecurityManager: Changing modify acls to: root
23/05/26 15:22:02 INFO SecurityManager: Changing view acls groups to: 
23/05/26 15:22:02 INFO SecurityManager: Changing modify acls groups to: 
23/05/26 15:22:02 INFO SecurityManager: SecurityManager: authentication disabled; ui acls disabled; users  with view permissions: Set(root); groups with view permissions: Set(); users  with modify permissions: Set(root); groups with modify permissions: Set()
23/05/26 15:22:03 INFO Utils: Successfully started service 'sparkWorker' on port 39797.
23/05/26 15:22:04 INFO Worker: Starting Spark worker 10.56.21.109:39797 with 16 cores, 6.0 GB RAM
23/05/26 15:22:04 INFO Worker: Running Spark version 2.4.6
23/05/26 15:22:04 INFO Worker: Spark home: /data/spark
23/05/26 15:22:04 INFO Utils: Successfully started service 'WorkerUI' on port 8081.
23/05/26 15:22:04 INFO WorkerWebUI: Bound WorkerWebUI to 0.0.0.0, and started at http://f027b22c03870f1060aa00ce6a3a813488a925a2-7b957478bf-pt9t7:8081
23/05/26 15:22:05 INFO Worker: Connecting to master f027b22c03870f1060aa00ce6a3a813488a925a2-7b957478bf-pt9t7:7077...
23/05/26 15:22:05 INFO TransportClientFactory: Successfully created connection to f027b22c03870f1060aa00ce6a3a813488a925a2-7b957478bf-pt9t7/10.56.21.109:7077 after 106 ms (0 ms spent in bootstraps)
23/05/26 15:22:06 INFO Worker: Successfully registered with master spark://f027b22c03870f1060aa00ce6a3a813488a925a2-7b957478bf-pt9t7:7077
