Spark Command: /usr/lib/jvm/java-8-openjdk-amd64/jre/bin/java -cp /data/spark/conf/:/data/spark/jars/* -Xmx1g org.apache.spark.deploy.master.Master --host f027b22c03870f1060aa00ce6a3a813488a925a2-7b957478bf-pt9t7 --port 7077 --webui-port 8080
========================================
Using Spark's default log4j profile: org/apache/spark/log4j-defaults.properties
23/05/26 15:19:59 INFO Master: Started daemon with process name: 45@f027b22c03870f1060aa00ce6a3a813488a925a2-7b957478bf-pt9t7
23/05/26 15:19:59 INFO SignalUtils: Registered signal handler for TERM
23/05/26 15:19:59 INFO SignalUtils: Registered signal handler for HUP
23/05/26 15:19:59 INFO SignalUtils: Registered signal handler for INT
23/05/26 15:20:00 WARN NativeCodeLoader: Unable to load native-hadoop library for your platform... using builtin-java classes where applicable
23/05/26 15:20:01 INFO SecurityManager: Changing view acls to: root
23/05/26 15:20:01 INFO SecurityManager: Changing modify acls to: root
23/05/26 15:20:01 INFO SecurityManager: Changing view acls groups to: 
23/05/26 15:20:01 INFO SecurityManager: Changing modify acls groups to: 
23/05/26 15:20:01 INFO SecurityManager: SecurityManager: authentication disabled; ui acls disabled; users  with view permissions: Set(root); groups with view permissions: Set(); users  with modify permissions: Set(root); groups with modify permissions: Set()
23/05/26 15:20:02 INFO Utils: Successfully started service 'sparkMaster' on port 7077.
23/05/26 15:20:02 INFO Master: Starting Spark master at spark://f027b22c03870f1060aa00ce6a3a813488a925a2-7b957478bf-pt9t7:7077
23/05/26 15:20:02 INFO Master: Running Spark version 2.4.6
23/05/26 15:20:03 INFO Utils: Successfully started service 'MasterUI' on port 8080.
23/05/26 15:20:03 INFO MasterWebUI: Bound MasterWebUI to 0.0.0.0, and started at http://f027b22c03870f1060aa00ce6a3a813488a925a2-7b957478bf-pt9t7:8080
23/05/26 15:20:04 INFO Master: I have been elected leader! New state: ALIVE
23/05/26 15:22:06 INFO Master: Registering worker 10.56.21.109:39797 with 16 cores, 6.0 GB RAM
